<?xml version="1.0" encoding="UTF-8"?>
<!-- Generated by org.testng.reporters.JUnitXMLReporter -->
<testsuite ignored="0" hostname="mulamu" failures="0" tests="3" name="Test" time="17309.176" errors="0" timestamp="2021-10-28T17:31:14 CAT">
  <testcase classname="dockerContainers.DockerRunningOnFirefox_1" name="test_1" time="13.807"/>
  <testcase classname="dockerContainers.DockerRunningOnFirefox_2" name="Test_2" time="35.208"/>
  <testcase classname="dockerContainers.DockerRunningOnFirefox_3" name="Test_3" time="38.698"/>
</testsuite> <!-- Test -->
